[2013-04-15 12:36:54] request.ERROR: Uncaught PHP Exception Symfony\Component\HttpKernel\Exception\NotFoundHttpException: "No route found for "GET /bundles/framework/images/input_bg.gif"" at C:\wamp\www\Gestion\vendor\symfony\symfony\src\Symfony\Component\HttpKernel\EventListener\RouterListener.php line 94 [] []
[2013-04-15 12:37:18] request.ERROR: Uncaught PHP Exception Symfony\Component\HttpKernel\Exception\NotFoundHttpException: "No route found for "GET /bundles/framework/images/input_bg.gif"" at C:\wamp\www\Gestion\vendor\symfony\symfony\src\Symfony\Component\HttpKernel\EventListener\RouterListener.php line 94 [] []
[2013-04-15 13:18:31] request.ERROR: Uncaught PHP Exception Symfony\Component\HttpKernel\Exception\NotFoundHttpException: "No route found for "GET /"" at C:\wamp\www\Gestion\app\cache\prod\classes.php line 3599 [] []
[2013-04-15 13:18:36] request.ERROR: Uncaught PHP Exception Symfony\Component\HttpKernel\Exception\NotFoundHttpException: "No route found for "GET /"" at C:\wamp\www\Gestion\app\cache\prod\classes.php line 3599 [] []
[2013-04-15 13:18:38] request.ERROR: Uncaught PHP Exception Symfony\Component\HttpKernel\Exception\NotFoundHttpException: "No route found for "GET /"" at C:\wamp\www\Gestion\app\cache\prod\classes.php line 3599 [] []
[2013-04-15 13:18:40] request.ERROR: Uncaught PHP Exception Symfony\Component\HttpKernel\Exception\NotFoundHttpException: "No route found for "GET /"" at C:\wamp\www\Gestion\app\cache\prod\classes.php line 3599 [] []
[2013-04-15 13:19:25] request.ERROR: Uncaught PHP Exception Symfony\Component\HttpKernel\Exception\NotFoundHttpException: "No route found for "GET /web/app_dev.php"" at C:\wamp\www\Gestion\app\cache\prod\classes.php line 3599 [] []
[2013-04-16 21:54:57] request.ERROR: Uncaught PHP Exception Symfony\Component\HttpKernel\Exception\NotFoundHttpException: "No route found for "GET /logo.gif"" at C:\wamp\www\Gestion\app\cache\prod\classes.php line 3599 [] []
3599 [] []
[2013-04-16 21:55:20] request.ERROR: Uncaught PHP Exception Symfony\Component\HttpKernel\Exception\NotFoundHttpException: "No route found for "GET /main.css"" at C:\wamp\www\Gestion\app\cache\prod\classes.php line 3599 [] []
[2013-04-16 21:59:27] request.ERROR: Uncaught PHP Exception Symfony\Component\HttpKernel\Exception\NotFoundHttpException: "No route found for "GET /main.css"" at C:\wamp\www\Gestion\app\cache\prod\classes.php line 3599 [] []
[2013-04-16 21:59:34] request.ERROR: Uncaught PHP Exception Symfony\Component\HttpKernel\Exception\NotFoundHttpException: "No route found for "GET /main.css"" at C:\wamp\www\Gestion\app\cache\prod\classes.php line 3599 [] []
[2013-04-16 22:02:16] request.ERROR: Uncaught PHP Exception Symfony\Component\HttpKernel\Exception\NotFoundHttpException: "No route found for "GET /main.css"" at C:\wamp\www\Gestion\app\cache\prod\classes.php line 3599 [] []
[2013-04-16 22:02:29] request.ERROR: Uncaught PHP Exception Symfony\Component\HttpKernel\Exception\NotFoundHttpException: "No route found for "GET /main.css"" at C:\wamp\www\Gestion\app\cache\prod\classes.php line 3599 [] []
[2013-04-16 22:02:46] request.ERROR: Uncaught PHP Exception Symfony\Component\HttpKernel\Exception\NotFoundHttpException: "No route found for "GET /main.css"" at C:\wamp\www\Gestion\app\cache\prod\classes.php line 3599 [] []
[2013-04-17 06:58:37] request.ERROR: Uncaught PHP Exception Symfony\Component\HttpKernel\Exception\NotFoundHttpException: "No route found for "GET /bootstrap.css"" at C:\wamp\www\Gestion\app\cache\prod\classes.php line 3599 [] []
[2013-04-17 07:01:36] request.ERROR: Uncaught PHP Exception Symfony\Component\HttpKernel\Exception\NotFoundHttpException: "No route found for "GET /bootstrap.css"" at C:\wamp\www\Gestion\app\cache\prod\classes.php line 3599 [] []
[2013-04-17 07:35:39] request.ERROR: Uncaught PHP Exception Symfony\Component\HttpKernel\Exception\NotFoundHttpException: "No route found for "GET /main.css"" at C:\wamp\www\Gestion\app\cache\prod\classes.php line 3599 [] []
[2013-04-17 07:39:18] request.ERROR: Uncaught PHP Exception Symfony\Component\HttpKernel\Exception\NotFoundHttpException: "No route found for "GET /main.css"" at C:\wamp\www\Gestion\app\cache\prod\classes.php line 3599 [] []
[2013-04-22 08:21:29] request.ERROR: Uncaught PHP Exception Symfony\Component\HttpKernel\Exception\NotFoundHttpException: "No route found for "GET /"" at C:\wamp\www\Gestion\app\cache\prod\classes.php line 3599 [] []
[2013-04-22 08:27:51] request.ERROR: Uncaught PHP Exception Symfony\Component\HttpKernel\Exception\NotFoundHttpException: "No route found for "GET /app_dev./hello"" at C:\wamp\www\Gestion\app\cache\prod\classes.php line 3599 [] []
[2013-04-22 08:27:59] request.ERROR: Uncaught PHP Exception Symfony\Component\HttpKernel\Exception\NotFoundHttpException: "No route found for "GET /app_dev./admin"" at C:\wamp\www\Gestion\app\cache\prod\classes.php line 3599 [] []
[2013-04-22 08:28:58] request.ERROR: Uncaught PHP Exception Symfony\Component\HttpKernel\Exception\NotFoundHttpException: "No route found for "GET /app_dev/admin"" at C:\wamp\www\Gestion\app\cache\prod\classes.php line 3599 [] []
[2013-04-22 08:29:07] request.ERROR: Uncaught PHP Exception Symfony\Component\HttpKernel\Exception\NotFoundHttpException: "No route found for "GET /app_dev/admin"" at C:\wamp\www\Gestion\app\cache\prod\classes.php line 3599 [] []
[2013-04-22 08:29:15] request.ERROR: Uncaught PHP Exception Symfony\Component\HttpKernel\Exception\NotFoundHttpException: "No route found for "GET /app_dev/hello"" at C:\wamp\www\Gestion\app\cache\prod\classes.php line 3599 [] []
[2013-04-22 08:29:44] request.ERROR: Uncaught PHP Exception Symfony\Component\HttpKernel\Exception\NotFoundHttpException: "No route found for "GET /app_dev/ajoutresponsable"" at C:\wamp\www\Gestion\app\cache\prod\classes.php line 3599 [] []
[2013-04-22 08:29:48] request.ERROR: Uncaught PHP Exception Symfony\Component\HttpKernel\Exception\NotFoundHttpException: "No route found for "GET /app_dev"" at C:\wamp\www\Gestion\app\cache\prod\classes.php line 3599 [] []
[2013-04-22 08:29:50] request.ERROR: Uncaught PHP Exception Symfony\Component\HttpKernel\Exception\NotFoundHttpException: "No route found for "GET /app_dev"" at C:\wamp\www\Gestion\app\cache\prod\classes.php line 3599 [] []
[2013-04-22 08:30:39] request.ERROR: Uncaught PHP Exception Symfony\Component\HttpKernel\Exception\NotFoundHttpException: "No route found for "GET /main.css"" at C:\wamp\www\Gestion\app\cache\prod\classes.php line 3599 [] []
[2013-04-22 12:52:02] request.ERROR: Uncaught PHP Exception Symfony\Component\HttpKernel\Exception\NotFoundHttpException: "No route found for "GET /bootstrap.css"" at C:\wamp\www\Gestion\app\cache\prod\classes.php line 3599 [] []
[2013-04-22 12:52:24] request.ERROR: Uncaught PHP Exception Symfony\Component\HttpKernel\Exception\NotFoundHttpException: "No route found for "GET /bootstrap.css"" at C:\wamp\www\Gestion\app\cache\prod\classes.php line 3599 [] []
[2013-04-22 12:54:52] request.ERROR: Uncaught PHP Exception Symfony\Component\HttpKernel\Exception\NotFoundHttpException: "No route found for "GET /main.css"" at C:\wamp\www\Gestion\app\cache\prod\classes.php line 3599 [] []
[2013-04-23 14:50:22] request.ERROR: Uncaught PHP Exception Symfony\Component\HttpKernel\Exception\NotFoundHttpException: "No route found for "GET /bootstrap.css"" at C:\wamp\www\Gestion\app\cache\prod\classes.php line 3599 [] []
